Using pre-set license
Built from '2020.2/release' branch; Version is '2020.2.2f1 (068178b99f32) revision 426360'; Using compiler version '192528614'; Build Type 'Release'
OS: 'Windows 10 Pro; OS build 19042.746; Version 2009; 64bit' Language: 'en' Physical Memory: 16336 MB
BatchMode: 1, IsHumanControllingUs: 0, StartBugReporterOnCrash: 0, Is64bit: 1, IsPro: 0

 COMMAND LINE ARGUMENTS:
D:\GGJ\Editor\Unity.exe
-adb2
-batchMode
-noUpm
-name
AssetImportWorker0
-projectPath
C:/Users/cdobra/Documents/GitHub/GGJ-21-/ScatteredFlock
-logFile
Logs/AssetImportWorker0.log
-srvPort
65214
Successfully changed project path to: C:/Users/cdobra/Documents/GitHub/GGJ-21-/ScatteredFlock
C:/Users/cdobra/Documents/GitHub/GGJ-21-/ScatteredFlock
Using Asset Import Pipeline V2.
Refreshing native plugins compatible for Editor in 195.99 ms, found 1 plugins.
Preloading 0 native plugins for Editor in 0.00 ms.
Initialize engine version: 2020.2.2f1 (068178b99f32)
[Subsystems] Discovering subsystems at path D:/GGJ/Editor/Data/Resources/UnitySubsystems
[Subsystems] Discovering subsystems at path C:/Users/cdobra/Documents/GitHub/GGJ-21-/ScatteredFlock/Assets
GfxDevice: creating device client; threaded=0
Direct3D:
    Version:  Direct3D 11.0 [level 11.0]
    Renderer: NVIDIA GeForce GTX 750 Ti (ID=0x1380)
    Vendor:   
    VRAM:     2007 MB
    Driver:   27.21.14.5671
Initialize mono
Mono path[0] = 'D:/GGJ/Editor/Data/Managed'
Mono path[1] = 'D:/GGJ/Editor/Data/MonoBleedingEdge/lib/mono/unityjit'
Mono config path = 'D:/GGJ/Editor/Data/MonoBleedingEdge/etc'
Using monoOptions --debugger-agent=transport=dt_socket,embedding=1,server=y,suspend=n,address=127.0.0.1:56076
Begin MonoManager ReloadAssembly
Registering precompiled unity dll's ...
Register platform support module: D:/GGJ/Editor/Data/PlaybackEngines/WindowsStandaloneSupport/UnityEditor.WindowsStandalone.Extensions.dll
Registered in 0.094226 seconds.
Native extension for WindowsStandalone target not found
Refreshing native plugins compatible for Editor in 37.94 ms, found 1 plugins.
Preloading 0 native plugins for Editor in 0.00 ms.
Invoked RoslynAnalysisRunner static constructor.
RoslynAnalysisRunner will not be running.
RoslynAnalysisRunner has terminated.
Mono: successfully reloaded assembly
- Completed reload, in  4.249 seconds
Platform modules already initialized, skipping
Registering precompiled user dll's ...
Registered in 0.034428 seconds.
Begin MonoManager ReloadAssembly
Native extension for WindowsStandalone target not found
Refreshing native plugins compatible for Editor in 45.08 ms, found 1 plugins.
Preloading 0 native plugins for Editor in 0.00 ms.
Invoked RoslynAnalysisRunner static constructor.
RoslynAnalysisRunner will not be running.
RoslynAnalysisRunner has terminated.
Mono: successfully reloaded assembly
- Completed reload, in  2.608 seconds
Platform modules already initialized, skipping
========================================================================
Worker process is ready to serve import requests
Launched and connected shader compiler UnityShaderCompiler.exe after 0.06 seconds
Refreshing native plugins compatible for Editor in 0.35 ms, found 1 plugins.
Preloading 0 native plugins for Editor in 0.00 ms.
Unloading 1800 Unused Serialized files (Serialized files now loaded: 0)
System memory in use before: 84.4 MB.
System memory in use after: 84.5 MB.

Unloading 19 unused Assets to reduce memory usage. Loaded Objects now: 2246.
Total: 2.078400 ms (FindLiveObjects: 0.206400 ms CreateObjectMapping: 0.115200 ms MarkObjects: 1.655800 ms  DeleteObjects: 0.099800 ms)

========================================================================
Received Import Request.
  path: Assets/Scenes/GameScene.unity
  artifactKey: Guid(4d7e8e0dff78fe74f8ba42f00de38d97) Importer(815301076,1909f56bfc062723c751e8b465ee728b)
Start importing Assets/Scenes/GameScene.unity using Guid(4d7e8e0dff78fe74f8ba42f00de38d97) Importer(815301076,1909f56bfc062723c751e8b465ee728b)  -> (artifact id: 'b1ff09c65705e9df6a9a9f27e5a0ea75') in 0.018257 seconds
  Import took 0.021649 seconds .

========================================================================
Received Import Request.
  Time since last request: 0.010933 seconds.
  path: Assets/Scenes/GameScene.unity
  artifactKey: Guid(4d7e8e0dff78fe74f8ba42f00de38d97) Importer(815301076,1909f56bfc062723c751e8b465ee728b)
Start importing Assets/Scenes/GameScene.unity using Guid(4d7e8e0dff78fe74f8ba42f00de38d97) Importer(815301076,1909f56bfc062723c751e8b465ee728b)  -> (artifact id: 'b1ff09c65705e9df6a9a9f27e5a0ea75') in 0.004329 seconds
  Import took 0.007813 seconds .

========================================================================
Received Import Request.
  Time since last request: 33.978355 seconds.
  path: Assets/Prefabs/Sheep.prefab
  artifactKey: Guid(b78b1df72a87224449e309ea54e5bc37) Importer(815301076,1909f56bfc062723c751e8b465ee728b)
Start importing Assets/Prefabs/Sheep.prefab using Guid(b78b1df72a87224449e309ea54e5bc37) Importer(815301076,1909f56bfc062723c751e8b465ee728b)  -> (artifact id: '2a12e25ac60267a464067277f57cf2e7') in 0.271569 seconds
  Import took 0.274994 seconds .

========================================================================
Received Import Request.
  Time since last request: 0.000265 seconds.
  path: Assets/Prefabs/Shepherd.prefab
  artifactKey: Guid(c405b3ef9a4aa16418527f27aeabb76e) Importer(815301076,1909f56bfc062723c751e8b465ee728b)
Start importing Assets/Prefabs/Shepherd.prefab using Guid(c405b3ef9a4aa16418527f27aeabb76e) Importer(815301076,1909f56bfc062723c751e8b465ee728b)  -> (artifact id: 'f16a867841e8e2f80e8affa3fb2c4901') in 0.022455 seconds
  Import took 0.025811 seconds .

========================================================================
Received Import Request.
  Time since last request: 0.000244 seconds.
  path: Assets/Prefabs/Wolf.prefab
  artifactKey: Guid(975bfd9ba7106074dbd4e9e74a58458f) Importer(815301076,1909f56bfc062723c751e8b465ee728b)
Start importing Assets/Prefabs/Wolf.prefab using Guid(975bfd9ba7106074dbd4e9e74a58458f) Importer(815301076,1909f56bfc062723c751e8b465ee728b)  -> (artifact id: 'a1db54600eb8a30bc4d9067101776e4a') in 0.021267 seconds
  Import took 0.026574 seconds .

========================================================================
Received Import Request.
  Time since last request: 0.000437 seconds.
  path: Assets/Prefabs/Shepherd.prefab
  artifactKey: Guid(c405b3ef9a4aa16418527f27aeabb76e) Importer(815301076,1909f56bfc062723c751e8b465ee728b)
Start importing Assets/Prefabs/Shepherd.prefab using Guid(c405b3ef9a4aa16418527f27aeabb76e) Importer(815301076,1909f56bfc062723c751e8b465ee728b)  -> (artifact id: 'f16a867841e8e2f80e8affa3fb2c4901') in 0.018151 seconds
  Import took 0.022459 seconds .

========================================================================
Received Prepare
Registering precompiled user dll's ...
Registered in 0.001301 seconds.
Begin MonoManager ReloadAssembly
Native extension for WindowsStandalone target not found
Refreshing native plugins compatible for Editor in 0.35 ms, found 1 plugins.
Preloading 0 native plugins for Editor in 0.00 ms.
Invoked RoslynAnalysisRunner static constructor.
RoslynAnalysisRunner will not be running.
RoslynAnalysisRunner has terminated.
Mono: successfully reloaded assembly
- Completed reload, in  0.947 seconds
Platform modules already initialized, skipping
Refreshing native plugins compatible for Editor in 0.40 ms, found 1 plugins.
Preloading 0 native plugins for Editor in 0.00 ms.
Unloading 1790 Unused Serialized files (Serialized files now loaded: 0)
System memory in use before: 87.2 MB.
System memory in use after: 87.3 MB.

Unloading 7 unused Assets to reduce memory usage. Loaded Objects now: 2256.
Total: 2.181100 ms (FindLiveObjects: 0.245200 ms CreateObjectMapping: 0.083700 ms MarkObjects: 1.804600 ms  DeleteObjects: 0.045900 ms)

========================================================================
Received Prepare
Registering precompiled user dll's ...
Registered in 0.001848 seconds.
Begin MonoManager ReloadAssembly
Native extension for WindowsStandalone target not found
Refreshing native plugins compatible for Editor in 0.47 ms, found 1 plugins.
Preloading 0 native plugins for Editor in 0.00 ms.
Invoked RoslynAnalysisRunner static constructor.
RoslynAnalysisRunner will not be running.
RoslynAnalysisRunner has terminated.
Mono: successfully reloaded assembly
- Completed reload, in  0.931 seconds
Platform modules already initialized, skipping
Refreshing native plugins compatible for Editor in 0.33 ms, found 1 plugins.
Preloading 0 native plugins for Editor in 0.00 ms.
Unloading 1790 Unused Serialized files (Serialized files now loaded: 0)
System memory in use before: 87.3 MB.
System memory in use after: 87.4 MB.

Unloading 7 unused Assets to reduce memory usage. Loaded Objects now: 2259.
Total: 2.263300 ms (FindLiveObjects: 0.412500 ms CreateObjectMapping: 0.111800 ms MarkObjects: 1.724000 ms  DeleteObjects: 0.013900 ms)

AssetImportWorkerClient::OnTransportError - code=2 error=End of file
